2020-04-03 16:24:09,728 DEBUG    root            Loaded Command Group: [u'gcloud', u'components']
2020-04-03 16:24:09,732 DEBUG    root            Loaded Command Group: [u'gcloud', u'components', u'update']
2020-04-03 16:24:09,736 DEBUG    root            Running [gcloud.components.update] with arguments: [--quiet: "True", COMPONENT-IDS:8: "[u'gcloud', u'core', u'bq', u'gsutil', u'compute', u'preview', u'alpha', u'beta']"]
2020-04-03 16:24:09,793 WARNING  root            Component [preview] no longer exists.
2020-04-03 16:24:09,794 WARNING  root            Component [compute] no longer exists.
2020-04-03 16:24:09,795 INFO     ___FILE_ONLY___ 

2020-04-03 16:24:09,796 INFO     ___FILE_ONLY___ 
Your current Cloud SDK version is: 287.0.0

2020-04-03 16:24:09,796 INFO     ___FILE_ONLY___ Installing components from version: 287.0.0

2020-04-03 16:24:09,796 INFO     ___FILE_ONLY___ 

2020-04-03 16:24:09,801 INFO     ___FILE_ONLY___ +----------------------------------------------+
2020-04-03 16:24:09,801 INFO     ___FILE_ONLY___ 

2020-04-03 16:24:09,801 INFO     ___FILE_ONLY___ |     These components will be installed.      |
2020-04-03 16:24:09,801 INFO     ___FILE_ONLY___ 

2020-04-03 16:24:09,801 INFO     ___FILE_ONLY___ +-----------------------+------------+---------+
2020-04-03 16:24:09,802 INFO     ___FILE_ONLY___ 

2020-04-03 16:24:09,802 INFO     ___FILE_ONLY___ |          Name         |  Version   |   Size  |
2020-04-03 16:24:09,802 INFO     ___FILE_ONLY___ 

2020-04-03 16:24:09,802 INFO     ___FILE_ONLY___ +-----------------------+------------+---------+
2020-04-03 16:24:09,802 INFO     ___FILE_ONLY___ 

2020-04-03 16:24:09,802 INFO     ___FILE_ONLY___ | 
2020-04-03 16:24:09,803 INFO     ___FILE_ONLY___ gcloud Alpha Commands
2020-04-03 16:24:09,803 INFO     ___FILE_ONLY___  
2020-04-03 16:24:09,803 INFO     ___FILE_ONLY___ | 
2020-04-03 16:24:09,803 INFO     ___FILE_ONLY___ 2019.05.17
2020-04-03 16:24:09,803 INFO     ___FILE_ONLY___  
2020-04-03 16:24:09,803 INFO     ___FILE_ONLY___ | 
2020-04-03 16:24:09,803 INFO     ___FILE_ONLY___ < 1 MiB
2020-04-03 16:24:09,804 INFO     ___FILE_ONLY___  
2020-04-03 16:24:09,804 INFO     ___FILE_ONLY___ |
2020-04-03 16:24:09,804 INFO     ___FILE_ONLY___ 

2020-04-03 16:24:09,804 INFO     ___FILE_ONLY___ | 
2020-04-03 16:24:09,804 INFO     ___FILE_ONLY___ gcloud Beta Commands 
2020-04-03 16:24:09,805 INFO     ___FILE_ONLY___  
2020-04-03 16:24:09,805 INFO     ___FILE_ONLY___ | 
2020-04-03 16:24:09,805 INFO     ___FILE_ONLY___ 2019.05.17
2020-04-03 16:24:09,805 INFO     ___FILE_ONLY___  
2020-04-03 16:24:09,805 INFO     ___FILE_ONLY___ | 
2020-04-03 16:24:09,805 INFO     ___FILE_ONLY___ < 1 MiB
2020-04-03 16:24:09,805 INFO     ___FILE_ONLY___  
2020-04-03 16:24:09,806 INFO     ___FILE_ONLY___ |
2020-04-03 16:24:09,806 INFO     ___FILE_ONLY___ 

2020-04-03 16:24:09,806 INFO     ___FILE_ONLY___ +-----------------------+------------+---------+
2020-04-03 16:24:09,806 INFO     ___FILE_ONLY___ 

2020-04-03 16:24:09,806 INFO     ___FILE_ONLY___ 

2020-04-03 16:24:09,840 INFO     ___FILE_ONLY___ For the latest full release notes, please visit:
  https://cloud.google.com/sdk/release_notes


2020-04-03 16:24:09,846 INFO     ___FILE_ONLY___ #============================================================#

2020-04-03 16:24:09,847 INFO     ___FILE_ONLY___ #= Creating update staging area                             =#

2020-04-03 16:24:09,847 INFO     ___FILE_ONLY___ #
2020-04-03 16:24:09,847 INFO     ___FILE_ONLY___ ======
2020-04-03 16:24:10,185 INFO     ___FILE_ONLY___ ======
2020-04-03 16:24:10,185 INFO     ___FILE_ONLY___ ======
2020-04-03 16:24:10,468 INFO     ___FILE_ONLY___ =
2020-04-03 16:24:10,512 INFO     ___FILE_ONLY___ =
2020-04-03 16:24:10,563 INFO     ___FILE_ONLY___ =
2020-04-03 16:24:10,621 INFO     ___FILE_ONLY___ =
2020-04-03 16:24:10,684 INFO     ___FILE_ONLY___ =
2020-04-03 16:24:10,736 INFO     ___FILE_ONLY___ =
2020-04-03 16:24:10,777 INFO     ___FILE_ONLY___ =
2020-04-03 16:24:10,842 INFO     ___FILE_ONLY___ =
2020-04-03 16:24:10,948 INFO     ___FILE_ONLY___ =
2020-04-03 16:24:10,972 INFO     ___FILE_ONLY___ =
2020-04-03 16:24:11,016 INFO     ___FILE_ONLY___ =
2020-04-03 16:24:11,061 INFO     ___FILE_ONLY___ =
2020-04-03 16:24:11,115 INFO     ___FILE_ONLY___ =
2020-04-03 16:24:11,164 INFO     ___FILE_ONLY___ =
2020-04-03 16:24:11,208 INFO     ___FILE_ONLY___ =
2020-04-03 16:24:11,285 INFO     ___FILE_ONLY___ =
2020-04-03 16:24:11,349 INFO     ___FILE_ONLY___ =
2020-04-03 16:24:11,398 INFO     ___FILE_ONLY___ =
2020-04-03 16:24:11,445 INFO     ___FILE_ONLY___ =
2020-04-03 16:24:11,491 INFO     ___FILE_ONLY___ =
2020-04-03 16:24:11,538 INFO     ___FILE_ONLY___ =
2020-04-03 16:24:11,592 INFO     ___FILE_ONLY___ =
2020-04-03 16:24:11,663 INFO     ___FILE_ONLY___ =
2020-04-03 16:24:11,717 INFO     ___FILE_ONLY___ =
2020-04-03 16:24:11,768 INFO     ___FILE_ONLY___ =
2020-04-03 16:24:11,844 INFO     ___FILE_ONLY___ =
2020-04-03 16:24:11,894 INFO     ___FILE_ONLY___ =
2020-04-03 16:24:11,946 INFO     ___FILE_ONLY___ =
2020-04-03 16:24:12,002 INFO     ___FILE_ONLY___ =
2020-04-03 16:24:12,048 INFO     ___FILE_ONLY___ =
2020-04-03 16:24:12,098 INFO     ___FILE_ONLY___ =
2020-04-03 16:24:12,159 INFO     ___FILE_ONLY___ =
2020-04-03 16:24:12,193 INFO     ___FILE_ONLY___ =
2020-04-03 16:24:12,241 INFO     ___FILE_ONLY___ =
2020-04-03 16:24:12,335 INFO     ___FILE_ONLY___ =
2020-04-03 16:24:12,383 INFO     ___FILE_ONLY___ =
2020-04-03 16:24:12,440 INFO     ___FILE_ONLY___ =
2020-04-03 16:24:12,499 INFO     ___FILE_ONLY___ =
2020-04-03 16:24:12,771 INFO     ___FILE_ONLY___ =
2020-04-03 16:24:12,875 INFO     ___FILE_ONLY___ =
2020-04-03 16:24:13,007 INFO     ___FILE_ONLY___ =
2020-04-03 16:24:13,068 INFO     ___FILE_ONLY___ =
2020-04-03 16:24:13,068 INFO     ___FILE_ONLY___ #

2020-04-03 16:24:13,121 INFO     ___FILE_ONLY___ #= Installing: gcloud Alpha Commands                        =#

2020-04-03 16:24:13,122 INFO     ___FILE_ONLY___ #
2020-04-03 16:24:13,149 INFO     ___FILE_ONLY___ ==============================
2020-04-03 16:24:13,150 INFO     ___FILE_ONLY___ =======
2020-04-03 16:24:13,151 INFO     ___FILE_ONLY___ ========
2020-04-03 16:24:13,151 INFO     ___FILE_ONLY___ =======
2020-04-03 16:24:13,152 INFO     ___FILE_ONLY___ ========
2020-04-03 16:24:13,152 INFO     ___FILE_ONLY___ #

2020-04-03 16:24:13,164 INFO     ___FILE_ONLY___ #= Installing: gcloud Beta Commands                         =#

2020-04-03 16:24:13,164 INFO     ___FILE_ONLY___ #
2020-04-03 16:24:13,188 INFO     ___FILE_ONLY___ ==============================
2020-04-03 16:24:13,189 INFO     ___FILE_ONLY___ =======
2020-04-03 16:24:13,190 INFO     ___FILE_ONLY___ ========
2020-04-03 16:24:13,190 INFO     ___FILE_ONLY___ =======
2020-04-03 16:24:13,190 INFO     ___FILE_ONLY___ ========
2020-04-03 16:24:13,191 INFO     ___FILE_ONLY___ #

2020-04-03 16:24:13,201 INFO     ___FILE_ONLY___ #= Creating backup and activating new installation          =#

2020-04-03 16:24:13,201 INFO     ___FILE_ONLY___ #
2020-04-03 16:24:13,201 DEBUG    root            Attempting to move directory [/tools/google-cloud-sdk] to [/tools/google-cloud-sdk.staging/.install/.backup]
2020-04-03 16:24:13,202 INFO     ___FILE_ONLY___ ==============================
2020-04-03 16:24:13,202 DEBUG    root            Attempting to move directory [/tools/google-cloud-sdk.staging] to [/tools/google-cloud-sdk]
2020-04-03 16:24:13,202 INFO     ___FILE_ONLY___ ==============================
2020-04-03 16:24:13,202 INFO     ___FILE_ONLY___ #

2020-04-03 16:24:13,209 DEBUG    root            Updating notification cache...
2020-04-03 16:24:13,209 INFO     ___FILE_ONLY___ 

2020-04-03 16:24:13,214 INFO     ___FILE_ONLY___ Performing post processing steps...
2020-04-03 16:24:13,214 DEBUG    root            Executing command: ['/usr/bin/python2', u'-S', u'/tools/google-cloud-sdk/lib/gcloud.py', u'components', u'post-process']
2020-04-03 16:24:25,958 DEBUG    ___FILE_ONLY___ 
2020-04-03 16:24:25,959 DEBUG    ___FILE_ONLY___ 
2020-04-03 16:24:25,985 INFO     ___FILE_ONLY___ 
Update done!


2020-04-03 16:24:25,991 INFO     root            Display format: "none"
